<?xml version="1.0" encoding="UTF-8"?>
<testng-results ignored="0" total="20" passed="20" failed="0" skipped="0">
  <reporter-output>
  </reporter-output>
  <suite started-at="2024-06-08T12:06:39 IST" name="Suite" finished-at="2024-06-08T12:06:39 IST" duration-ms="154">
    <groups>
    </groups>
    <test started-at="2024-06-08T12:06:39 IST" name="Test" finished-at="2024-06-08T12:06:39 IST" duration-ms="154">
      <class name="Countries.Country2">
        <test-method signature="ch()[pri:0, instance:Countries.Country2@35e2d654]" started-at="2024-06-08T12:06:39 IST" name="ch" finished-at="2024-06-08T12:06:39 IST" duration-ms="13" status="PASS">
          <reporter-output>
          </reporter-output>
        </test-method> <!-- ch -->
        <test-method signature="eg()[pri:0, instance:Countries.Country2@35e2d654]" started-at="2024-06-08T12:06:39 IST" name="eg" finished-at="2024-06-08T12:06:39 IST" duration-ms="2" status="PASS">
          <reporter-output>
          </reporter-output>
        </test-method> <!-- eg -->
        <test-method signature="eng()[pri:0, instance:Countries.Country2@35e2d654]" started-at="2024-06-08T12:06:39 IST" name="eng" finished-at="2024-06-08T12:06:39 IST" duration-ms="3" status="PASS">
          <reporter-output>
          </reporter-output>
        </test-method> <!-- eng -->
        <test-method signature="fr()[pri:0, instance:Countries.Country2@35e2d654]" started-at="2024-06-08T12:06:39 IST" name="fr" finished-at="2024-06-08T12:06:39 IST" duration-ms="2" status="PASS">
          <reporter-output>
          </reporter-output>
        </test-method> <!-- fr -->
        <test-method signature="pk()[pri:0, instance:Countries.Country2@35e2d654]" started-at="2024-06-08T12:06:39 IST" name="pk" finished-at="2024-06-08T12:06:39 IST" duration-ms="7" status="PASS">
          <reporter-output>
          </reporter-output>
        </test-method> <!-- pk -->
        <test-method signature="sa()[pri:0, instance:Countries.Country2@35e2d654]" started-at="2024-06-08T12:06:39 IST" name="sa" finished-at="2024-06-08T12:06:39 IST" duration-ms="1" status="PASS">
          <reporter-output>
          </reporter-output>
        </test-method> <!-- sa -->
        <test-method signature="srl()[pri:0, instance:Countries.Country2@35e2d654]" started-at="2024-06-08T12:06:39 IST" name="srl" finished-at="2024-06-08T12:06:39 IST" duration-ms="2" status="PASS">
          <reporter-output>
          </reporter-output>
        </test-method> <!-- srl -->
      </class> <!-- Countries.Country2 -->
      <class name="Countries.Country3">
        <test-method signature="bang()[pri:0, instance:Countries.Country3@293a5bf6]" started-at="2024-06-08T12:06:39 IST" name="bang" finished-at="2024-06-08T12:06:39 IST" duration-ms="3" status="PASS">
          <reporter-output>
          </reporter-output>
        </test-method> <!-- bang -->
        <test-method signature="jp()[pri:0, instance:Countries.Country3@293a5bf6]" started-at="2024-06-08T12:06:39 IST" name="jp" finished-at="2024-06-08T12:06:39 IST" duration-ms="2" status="PASS">
          <reporter-output>
          </reporter-output>
        </test-method> <!-- jp -->
        <test-method signature="ko()[pri:0, instance:Countries.Country3@293a5bf6]" started-at="2024-06-08T12:06:39 IST" name="ko" finished-at="2024-06-08T12:06:39 IST" duration-ms="1" status="PASS">
          <reporter-output>
          </reporter-output>
        </test-method> <!-- ko -->
        <test-method signature="mal()[pri:0, instance:Countries.Country3@293a5bf6]" started-at="2024-06-08T12:06:39 IST" name="mal" finished-at="2024-06-08T12:06:39 IST" duration-ms="2" status="PASS">
          <reporter-output>
          </reporter-output>
        </test-method> <!-- mal -->
        <test-method signature="sig()[pri:0, instance:Countries.Country3@293a5bf6]" started-at="2024-06-08T12:06:39 IST" name="sig" finished-at="2024-06-08T12:06:39 IST" duration-ms="2" status="PASS">
          <reporter-output>
          </reporter-output>
        </test-method> <!-- sig -->
        <test-method signature="som()[pri:0, instance:Countries.Country3@293a5bf6]" started-at="2024-06-08T12:06:39 IST" name="som" finished-at="2024-06-08T12:06:39 IST" duration-ms="2" status="PASS">
          <reporter-output>
          </reporter-output>
        </test-method> <!-- som -->
        <test-method signature="zim()[pri:0, instance:Countries.Country3@293a5bf6]" started-at="2024-06-08T12:06:39 IST" name="zim" finished-at="2024-06-08T12:06:39 IST" duration-ms="1" status="PASS">
          <reporter-output>
          </reporter-output>
        </test-method> <!-- zim -->
      </class> <!-- Countries.Country3 -->
      <class name="Countries.Country1">
        <test-method signature="aus()[pri:0, instance:Countries.Country1@6aeb35e6]" started-at="2024-06-08T12:06:39 IST" name="aus" finished-at="2024-06-08T12:06:39 IST" duration-ms="3" status="PASS">
          <reporter-output>
          </reporter-output>
        </test-method> <!-- aus -->
        <test-method signature="dk()[pri:0, instance:Countries.Country1@6aeb35e6]" started-at="2024-06-08T12:06:39 IST" name="dk" finished-at="2024-06-08T12:06:39 IST" duration-ms="1" status="PASS">
          <reporter-output>
          </reporter-output>
        </test-method> <!-- dk -->
        <test-method signature="ind()[pri:0, instance:Countries.Country1@6aeb35e6]" started-at="2024-06-08T12:06:39 IST" name="ind" finished-at="2024-06-08T12:06:39 IST" duration-ms="2" status="PASS">
          <reporter-output>
          </reporter-output>
        </test-method> <!-- ind -->
        <test-method signature="it()[pri:0, instance:Countries.Country1@6aeb35e6]" started-at="2024-06-08T12:06:39 IST" name="it" finished-at="2024-06-08T12:06:39 IST" duration-ms="2" status="PASS">
          <reporter-output>
          </reporter-output>
        </test-method> <!-- it -->
        <test-method signature="nl()[pri:0, instance:Countries.Country1@6aeb35e6]" started-at="2024-06-08T12:06:39 IST" name="nl" finished-at="2024-06-08T12:06:39 IST" duration-ms="2" status="PASS">
          <reporter-output>
          </reporter-output>
        </test-method> <!-- nl -->
        <test-method signature="sn()[pri:0, instance:Countries.Country1@6aeb35e6]" started-at="2024-06-08T12:06:39 IST" name="sn" finished-at="2024-06-08T12:06:39 IST" duration-ms="1" status="PASS">
          <reporter-output>
          </reporter-output>
        </test-method> <!-- sn -->
      </class> <!-- Countries.Country1 -->
    </test> <!-- Test -->
  </suite> <!-- Suite -->
</testng-results>
